<?xml version="1.0" encoding="UTF-8"?>
<!-- Generated by org.testng.reporters.JUnitReportReporter -->
<testsuite skipped="0" hostname="Saiful-PC" name="TestCases.SpicejetHomePage" tests="1" failures="0" timestamp="2020-10-03T17:06:34 EDT" time="22.623" errors="0">
  <testcase name="homePageTest" time="22.623" classname="TestCases.SpicejetHomePage"/>
  <system-out/>
</testsuite> <!-- TestCases.SpicejetHomePage -->
