<?xml version="1.0" encoding="UTF-8"?>
<!-- Generated by org.testng.reporters.JUnitReportReporter -->
<testsuite skipped="0" hostname="Saiful-PC" name="TestCases.SpiceHome" tests="1" failures="0" timestamp="2020-09-27T18:13:52 EDT" time="33.088" errors="0">
  <testcase name="homePageTest" time="33.088" classname="TestCases.SpiceHome"/>
  <system-out/>
</testsuite> <!-- TestCases.SpiceHome -->
