<?xml version="1.0" encoding="UTF-8"?>
<!-- Generated by org.testng.reporters.JUnitReportReporter -->
<testsuite skipped="0" hostname="Saiful-PC" name="TestCases.SpiceClubPage" tests="1" failures="0" timestamp="2020-10-03T17:06:34 EDT" time="17.614" errors="0">
  <testcase name="spiceclub" time="17.614" classname="TestCases.SpiceClubPage"/>
  <system-out/>
</testsuite> <!-- TestCases.SpiceClubPage -->
