<?xml version="1.0" encoding="UTF-8"?>
<!-- Generated by org.testng.reporters.JUnitReportReporter -->
<testsuite skipped="0" hostname="Saiful-PC" name="TestCases.GiftCardPage" tests="1" failures="0" timestamp="2020-09-27T18:13:52 EDT" time="16.242" errors="0">
  <testcase name="giftCardPageTest" time="16.242" classname="TestCases.GiftCardPage"/>
  <system-out/>
</testsuite> <!-- TestCases.GiftCardPage -->
