<?xml version="1.0" encoding="UTF-8"?>
<!-- Generated by org.testng.reporters.JUnitReportReporter -->
<testsuite skipped="0" hostname="Saiful-PC" name="practice.SpicejetHomePage" tests="1" failures="0" timestamp="2020-09-30T17:18:44 EDT" time="17.770" errors="0">
  <testcase name="homePageTest" time="17.770" classname="practice.SpicejetHomePage"/>
  <system-out/>
</testsuite> <!-- practice.SpicejetHomePage -->
