<?xml version="1.0" encoding="UTF-8"?>
<!-- Generated by org.testng.reporters.JUnitReportReporter -->
<testsuite skipped="0" hostname="Saiful-PC" name="testcases.HomeGoogle" tests="1" failures="0" timestamp="2020-09-22T17:35:36 EDT" time="16.097" errors="0">
  <testcase name="homePageTest" time="16.097" classname="testcases.HomeGoogle"/>
  <system-out/>
</testsuite> <!-- testcases.HomeGoogle -->
