<?xml version="1.0" encoding="UTF-8"?>
<!-- Generated by org.testng.reporters.JUnitReportReporter -->
<testsuite skipped="0" hostname="Saiful-PC" name="Testcases.test" tests="2" failures="0" timestamp="2020-08-02T19:06:52 EDT" time="0.681" errors="0">
  <testcase name="ari" time="0.193" classname="Testcases.test"/>
  <system-out/>
  <testcase name="ari1" time="0.488" classname="Testcases.test"/>
  <system-out/>
</testsuite> <!-- Testcases.test -->
