<?xml version="1.0" encoding="UTF-8"?>
<!-- Generated by org.testng.reporters.JUnitReportReporter -->
<testsuite skipped="0" hostname="Saiful-PC" name="testcases.spiceTest" tests="1" failures="0" timestamp="2020-07-15T10:29:01 EDT" time="48.938" errors="0">
  <testcase name="runtest" time="48.938" classname="testcases.spiceTest"/>
  <system-out/>
</testsuite> <!-- testcases.spiceTest -->
