<?xml version="1.0" encoding="UTF-8"?>
<!-- Generated by org.testng.reporters.JUnitReportReporter -->
<testsuite skipped="0" hostname="Saiful-PC" name="tasecases.faceTest" tests="3" failures="0" timestamp="2020-07-09T16:32:10 EDT" time="46.904" errors="0">
  <testcase name="testrun" time="18.868" classname="tasecases.faceTest"/>
  <system-out/>
  <testcase name="testrun" time="14.353" classname="tasecases.faceTest"/>
  <system-out/>
  <testcase name="testrun" time="13.683" classname="tasecases.faceTest"/>
  <system-out/>
</testsuite> <!-- tasecases.faceTest -->
