<?xml version="1.0" encoding="UTF-8"?>
<!-- Generated by org.testng.reporters.JUnitReportReporter -->
<testsuite skipped="0" hostname="Saiful-PC" name="TestCases.SignUpPage" tests="1" failures="0" timestamp="2020-10-03T17:06:34 EDT" time="15.288" errors="0">
  <testcase name="signup" time="15.288" classname="TestCases.SignUpPage"/>
  <system-out/>
</testsuite> <!-- TestCases.SignUpPage -->
