<?xml version="1.0" encoding="UTF-8"?>
<!-- Generated by org.testng.reporters.JUnitReportReporter -->
<testsuite skipped="0" hostname="Saiful-PC" name="yahootest.runyahootest" tests="1" failures="0" timestamp="2020-06-26T10:20:18 EDT" time="37.634" errors="0">
  <testcase name="yahoo" time="37.634" classname="yahootest.runyahootest"/>
  <system-out/>
</testsuite> <!-- yahootest.runyahootest -->
