<?xml version="1.0" encoding="UTF-8"?>
<!-- Generated by org.testng.reporters.JUnitReportReporter -->
<testsuite skipped="0" hostname="Saiful-PC" name="testcases.spiceTest" tests="1" failures="0" timestamp="2020-07-21T19:20:27 EDT" time="38.834" errors="0">
  <testcase name="runtest" time="38.834" classname="testcases.spiceTest"/>
  <system-out/>
</testsuite> <!-- testcases.spiceTest -->
