<?xml version="1.0" encoding="UTF-8"?>
<!-- Generated by org.testng.reporters.JUnitReportReporter -->
<testsuite skipped="0" hostname="Saiful-PC" name="Testcases.homepageTest" tests="3" failures="0" timestamp="2020-07-25T19:44:24 EDT" time="47.545" errors="0">
  <testcase name="testrun" time="14.434" classname="Testcases.homepageTest"/>
  <system-out/>
  <testcase name="testrun" time="18.442" classname="Testcases.homepageTest"/>
  <system-out/>
  <testcase name="testrun" time="14.669" classname="Testcases.homepageTest"/>
  <system-out/>
</testsuite> <!-- Testcases.homepageTest -->
